{"level":"info","message":"POST /gamification/addPoints","timestamp":"2024-04-16T14:49:07.008Z"}
{"level":"info","message":"POST /gamification/removePoints","timestamp":"2024-04-16T14:49:07.024Z"}
{"level":"info","message":"POST /gamification/addPoints","timestamp":"2024-04-16T14:53:16.109Z"}
{"level":"info","message":"POST /gamification/removePoints","timestamp":"2024-04-16T14:53:16.125Z"}
{"level":"info","message":"POST /gamification/addPoints","timestamp":"2024-04-16T14:55:00.316Z"}
{"level":"info","message":"POST /gamification/removePoints","timestamp":"2024-04-16T14:55:00.333Z"}
{"level":"info","message":"POST /gamification/addPoints","timestamp":"2024-04-16T15:00:03.961Z"}
{"level":"info","message":"POST /gamification/removePoints","timestamp":"2024-04-16T15:00:03.977Z"}
{"level":"info","message":"POST /gamification/addPoints","timestamp":"2024-04-16T15:03:48.351Z"}
{"level":"info","message":"POST /gamification/removePoints","timestamp":"2024-04-16T15:03:48.373Z"}
{"level":"info","message":"POST /api/addPoints","timestamp":"2024-04-16T15:03:48.567Z"}
{"level":"info","message":"POST /api/subtractPoints","timestamp":"2024-04-16T15:03:48.572Z"}
{"level":"info","message":"GET /api/getPoints?username=testUser","timestamp":"2024-04-16T15:03:48.576Z"}
{"level":"info","message":"POST /api/addAchievement","timestamp":"2024-04-16T15:03:48.579Z"}
{"level":"info","message":"POST /api/removeAchievement","timestamp":"2024-04-16T15:03:48.581Z"}
{"level":"info","message":"POST /gamification/addPoints","timestamp":"2024-04-16T15:12:19.549Z"}
{"level":"info","message":"POST /gamification/removePoints","timestamp":"2024-04-16T15:12:19.565Z"}
{"level":"info","message":"POST /api/addPoints","timestamp":"2024-04-16T15:12:19.673Z"}
{"level":"info","message":"POST /api/subtractPoints","timestamp":"2024-04-16T15:12:19.677Z"}
{"level":"info","message":"GET /api/getPoints?username=testUser","timestamp":"2024-04-16T15:12:19.680Z"}
{"level":"info","message":"POST /api/addAchievement","timestamp":"2024-04-16T15:12:19.687Z"}
{"level":"info","message":"POST /api/removeAchievement","timestamp":"2024-04-16T15:12:19.691Z"}
{"level":"info","message":"POST /gamification/addPoints","timestamp":"2024-04-16T15:15:13.623Z"}
{"level":"info","message":"POST /gamification/removePoints","timestamp":"2024-04-16T15:15:13.644Z"}
{"level":"info","message":"POST /api/addPoints","timestamp":"2024-04-16T15:15:13.851Z"}
{"level":"info","message":"POST /api/subtractPoints","timestamp":"2024-04-16T15:15:13.859Z"}
{"level":"info","message":"GET /api/getPoints?username=testUser","timestamp":"2024-04-16T15:15:13.862Z"}
{"level":"info","message":"POST /api/addAchievement","timestamp":"2024-04-16T15:15:13.868Z"}
{"level":"info","message":"POST /api/removeAchievement","timestamp":"2024-04-16T15:15:13.870Z"}
{"level":"info","message":"POST /api/addPoints","timestamp":"2024-04-17T09:56:02.980Z"}
{"level":"info","message":"POST /api/subtractPoints","timestamp":"2024-04-17T09:56:03.083Z"}
{"level":"info","message":"GET /api/getPoints?username=testUser","timestamp":"2024-04-17T09:56:03.182Z"}
{"level":"info","message":"POST /api/addAchievement","timestamp":"2024-04-17T09:56:03.351Z"}
{"level":"info","message":"POST /api/removeAchievement","timestamp":"2024-04-17T09:56:03.400Z"}
{"level":"info","message":"POST /gamification/addPoints","timestamp":"2024-04-17T09:56:03.474Z"}
{"level":"info","message":"POST /gamification/removePoints","timestamp":"2024-04-17T09:56:03.789Z"}
{"level":"info","message":"POST /api/login","timestamp":"2024-04-17T10:08:18.036Z"}
{"level":"info","message":"GET /api/protected","timestamp":"2024-04-17T10:08:18.146Z"}
{"level":"info","message":"GET /api/protected","timestamp":"2024-04-17T10:08:18.181Z"}
{"level":"info","message":"POST /api/addPoints","timestamp":"2024-04-17T10:52:18.559Z"}
{"level":"info","message":"POST /api/login","timestamp":"2024-04-17T10:52:18.559Z"}
{"level":"info","message":"POST /api/subtractPoints","timestamp":"2024-04-17T10:52:18.578Z"}
{"level":"info","message":"POST /gamification/addPoints","timestamp":"2024-04-17T10:52:18.584Z"}
{"level":"info","message":"GET /api/getPoints?username=testUser","timestamp":"2024-04-17T10:52:18.587Z"}
{"level":"info","message":"POST /api/addAchievement","timestamp":"2024-04-17T10:52:18.593Z"}
{"level":"info","message":"GET /api/protected","timestamp":"2024-04-17T10:52:18.596Z"}
{"level":"info","message":"POST /api/removeAchievement","timestamp":"2024-04-17T10:52:18.597Z"}
{"level":"info","message":"POST /gamification/removePoints","timestamp":"2024-04-17T10:52:18.600Z"}
{"level":"info","message":"GET /api/protected","timestamp":"2024-04-17T10:52:18.602Z"}
{"level":"info","message":"POST /gamification/addPoints","timestamp":"2024-04-17T10:56:55.996Z"}
{"level":"info","message":"POST /api/addPoints","timestamp":"2024-04-17T10:56:55.996Z"}
{"level":"info","message":"POST /gamification/removePoints","timestamp":"2024-04-17T10:56:56.010Z"}
{"level":"info","message":"POST /api/subtractPoints","timestamp":"2024-04-17T10:56:56.010Z"}
{"level":"info","message":"GET /api/getPoints?username=testUser","timestamp":"2024-04-17T10:56:56.013Z"}
{"level":"info","message":"POST /api/login","timestamp":"2024-04-17T10:56:56.013Z"}
{"level":"info","message":"POST /api/addAchievement","timestamp":"2024-04-17T10:56:56.017Z"}
{"level":"info","message":"POST /api/removeAchievement","timestamp":"2024-04-17T10:56:56.019Z"}
{"level":"info","message":"GET /api/protected","timestamp":"2024-04-17T10:56:56.036Z"}
{"level":"info","message":"GET /api/protected","timestamp":"2024-04-17T10:56:56.046Z"}
{"level":"info","message":"POST /api/addPoints","timestamp":"2024-04-17T10:59:46.796Z"}
{"level":"info","message":"POST /gamification/addPoints","timestamp":"2024-04-17T10:59:46.796Z"}
{"level":"info","message":"POST /api/login","timestamp":"2024-04-17T10:59:46.796Z"}
{"level":"info","message":"POST /gamification/removePoints","timestamp":"2024-04-17T10:59:46.809Z"}
{"level":"info","message":"POST /api/subtractPoints","timestamp":"2024-04-17T10:59:46.809Z"}
{"level":"info","message":"GET /api/getPoints?username=testUser","timestamp":"2024-04-17T10:59:46.812Z"}
{"level":"info","message":"POST /api/addAchievement","timestamp":"2024-04-17T10:59:46.816Z"}
{"level":"info","message":"GET /api/protected","timestamp":"2024-04-17T10:59:46.819Z"}
{"level":"info","message":"POST /api/removeAchievement","timestamp":"2024-04-17T10:59:46.819Z"}
{"level":"info","message":"GET /api/protected","timestamp":"2024-04-17T10:59:46.825Z"}
{"level":"info","message":"POST /api/login","timestamp":"2024-04-17T11:05:10.879Z"}
{"level":"info","message":"POST /gamification/addPoints","timestamp":"2024-04-17T11:05:10.879Z"}
{"level":"info","message":"POST /api/addPoints","timestamp":"2024-04-17T11:05:10.880Z"}
{"level":"info","message":"POST /gamification/removePoints","timestamp":"2024-04-17T11:05:10.894Z"}
{"level":"info","message":"POST /api/subtractPoints","timestamp":"2024-04-17T11:05:10.907Z"}
{"level":"info","message":"GET /api/protected","timestamp":"2024-04-17T11:05:10.910Z"}
{"level":"info","message":"GET /api/getPoints?username=testUser","timestamp":"2024-04-17T11:05:10.913Z"}
{"level":"info","message":"GET /api/protected","timestamp":"2024-04-17T11:05:10.918Z"}
{"level":"info","message":"POST /api/addAchievement","timestamp":"2024-04-17T11:05:10.920Z"}
{"level":"info","message":"POST /api/removeAchievement","timestamp":"2024-04-17T11:05:10.925Z"}
{"level":"info","message":"POST /api/login","timestamp":"2024-04-17T11:07:51.633Z"}
{"level":"info","message":"GET /api/protected","timestamp":"2024-04-17T11:07:51.661Z"}
{"level":"info","message":"GET /api/protected","timestamp":"2024-04-17T11:07:51.668Z"}
{"level":"info","message":"POST /api/addPoints","timestamp":"2024-04-17T11:07:51.771Z"}
{"level":"info","message":"POST /api/subtractPoints","timestamp":"2024-04-17T11:07:51.775Z"}
{"level":"info","message":"GET /api/getPoints?username=testUser","timestamp":"2024-04-17T11:07:51.777Z"}
{"level":"info","message":"POST /api/addAchievement","timestamp":"2024-04-17T11:07:51.780Z"}
{"level":"info","message":"POST /api/removeAchievement","timestamp":"2024-04-17T11:07:51.783Z"}
{"level":"info","message":"POST /gamification/addPoints","timestamp":"2024-04-17T11:07:51.963Z"}
{"level":"info","message":"POST /gamification/removePoints","timestamp":"2024-04-17T11:07:51.966Z"}
{"level":"info","message":"POST /api/login","timestamp":"2024-04-17T11:27:41.574Z"}
{"level":"info","message":"GET /api/protected","timestamp":"2024-04-17T11:27:41.601Z"}
{"level":"info","message":"GET /api/protected","timestamp":"2024-04-17T11:27:41.607Z"}
{"level":"info","message":"POST /gamification/addPoints","timestamp":"2024-04-17T11:27:41.711Z"}
{"level":"info","message":"POST /gamification/removePoints","timestamp":"2024-04-17T11:27:41.715Z"}
{"level":"info","message":"POST /api/addPoints","timestamp":"2024-04-17T11:27:41.883Z"}
{"level":"info","message":"POST /api/subtractPoints","timestamp":"2024-04-17T11:27:41.888Z"}
{"level":"info","message":"GET /api/getPoints?username=testUser","timestamp":"2024-04-17T11:27:41.891Z"}
{"level":"info","message":"POST /api/addAchievement","timestamp":"2024-04-17T11:27:41.894Z"}
{"level":"info","message":"POST /api/removeAchievement","timestamp":"2024-04-17T11:27:41.896Z"}
{"level":"info","message":"POST /api/login","timestamp":"2024-04-17T11:31:52.783Z"}
{"level":"info","message":"GET /api/protected","timestamp":"2024-04-17T11:31:52.809Z"}
{"level":"info","message":"GET /api/protected","timestamp":"2024-04-17T11:31:52.816Z"}
{"level":"info","message":"POST /api/addPoints","timestamp":"2024-04-17T11:31:52.998Z"}
{"level":"info","message":"POST /api/subtractPoints","timestamp":"2024-04-17T11:31:53.003Z"}
{"level":"info","message":"GET /api/getPoints?username=testUser","timestamp":"2024-04-17T11:31:53.006Z"}
{"level":"info","message":"POST /api/addAchievement","timestamp":"2024-04-17T11:31:53.008Z"}
{"level":"info","message":"POST /api/removeAchievement","timestamp":"2024-04-17T11:31:53.012Z"}
{"level":"info","message":"POST /gamification/addPoints","timestamp":"2024-04-17T11:31:53.107Z"}
{"level":"info","message":"POST /gamification/removePoints","timestamp":"2024-04-17T11:31:53.111Z"}
{"level":"info","message":"POST /api/login","timestamp":"2024-04-17T11:34:02.181Z"}
{"level":"info","message":"GET /api/protected","timestamp":"2024-04-17T11:34:02.207Z"}
{"level":"info","message":"GET /api/protected","timestamp":"2024-04-17T11:34:02.213Z"}
{"level":"info","message":"POST /api/addPoints","timestamp":"2024-04-17T11:34:02.401Z"}
{"level":"info","message":"POST /api/subtractPoints","timestamp":"2024-04-17T11:34:02.405Z"}
{"level":"info","message":"GET /api/getPoints?username=testUser","timestamp":"2024-04-17T11:34:02.408Z"}
{"level":"info","message":"POST /api/addAchievement","timestamp":"2024-04-17T11:34:02.411Z"}
{"level":"info","message":"POST /api/removeAchievement","timestamp":"2024-04-17T11:34:02.413Z"}
{"level":"info","message":"POST /gamification/addPoints","timestamp":"2024-04-17T11:34:02.501Z"}
{"level":"info","message":"POST /gamification/removePoints","timestamp":"2024-04-17T11:34:02.505Z"}
{"level":"info","message":"POST /api/login","timestamp":"2024-04-17T11:34:41.101Z"}
{"level":"info","message":"GET /api/protected","timestamp":"2024-04-17T11:34:41.127Z"}
{"level":"info","message":"GET /api/protected","timestamp":"2024-04-17T11:34:41.133Z"}
{"level":"info","message":"POST /api/addPoints","timestamp":"2024-04-17T11:34:41.321Z"}
{"level":"info","message":"POST /api/subtractPoints","timestamp":"2024-04-17T11:34:41.325Z"}
{"level":"info","message":"GET /api/getPoints?username=testUser","timestamp":"2024-04-17T11:34:41.328Z"}
{"level":"info","message":"POST /api/addAchievement","timestamp":"2024-04-17T11:34:41.330Z"}
{"level":"info","message":"POST /api/removeAchievement","timestamp":"2024-04-17T11:34:41.333Z"}
{"level":"info","message":"POST /gamification/addPoints","timestamp":"2024-04-17T11:34:41.425Z"}
{"level":"info","message":"POST /gamification/removePoints","timestamp":"2024-04-17T11:34:41.429Z"}
{"level":"info","message":"POST /api/login","timestamp":"2024-04-17T11:39:15.601Z"}
{"level":"info","message":"GET /api/protected","timestamp":"2024-04-17T11:39:15.637Z"}
{"level":"info","message":"GET /api/protected","timestamp":"2024-04-17T11:39:15.665Z"}
{"level":"info","message":"POST /api/addPoints","timestamp":"2024-04-17T11:39:15.867Z"}
{"level":"info","message":"POST /api/subtractPoints","timestamp":"2024-04-17T11:39:15.874Z"}
{"level":"info","message":"GET /api/getPoints?username=testUser","timestamp":"2024-04-17T11:39:15.877Z"}
{"level":"info","message":"POST /api/addAchievement","timestamp":"2024-04-17T11:39:15.880Z"}
{"level":"info","message":"POST /api/removeAchievement","timestamp":"2024-04-17T11:39:15.882Z"}
{"level":"info","message":"POST /gamification/addPoints","timestamp":"2024-04-17T11:39:15.975Z"}
{"level":"info","message":"POST /gamification/removePoints","timestamp":"2024-04-17T11:39:15.978Z"}
{"level":"info","message":"POST /api/login","timestamp":"2024-04-17T11:39:52.627Z"}
{"level":"info","message":"GET /api/protected","timestamp":"2024-04-17T11:39:52.653Z"}
{"level":"info","message":"GET /api/protected","timestamp":"2024-04-17T11:39:52.660Z"}
{"level":"info","message":"POST /api/addPoints","timestamp":"2024-04-17T11:39:52.762Z"}
{"level":"info","message":"POST /api/subtractPoints","timestamp":"2024-04-17T11:39:52.766Z"}
{"level":"info","message":"GET /api/getPoints?username=testUser","timestamp":"2024-04-17T11:39:52.769Z"}
{"level":"info","message":"POST /api/addAchievement","timestamp":"2024-04-17T11:39:52.771Z"}
{"level":"info","message":"POST /api/removeAchievement","timestamp":"2024-04-17T11:39:52.774Z"}
{"level":"info","message":"POST /gamification/addPoints","timestamp":"2024-04-17T11:39:52.875Z"}
{"level":"info","message":"POST /gamification/removePoints","timestamp":"2024-04-17T11:39:52.878Z"}
{"level":"info","message":"POST /api/login","timestamp":"2024-04-17T11:41:15.433Z"}
{"level":"info","message":"GET /api/protected","timestamp":"2024-04-17T11:41:15.462Z"}
{"level":"info","message":"GET /api/protected","timestamp":"2024-04-17T11:41:15.469Z"}
{"level":"info","message":"POST /api/login","timestamp":"2024-04-17T11:42:35.875Z"}
{"level":"info","message":"GET /api/protected","timestamp":"2024-04-17T11:42:35.890Z"}
{"level":"info","message":"GET /api/protected","timestamp":"2024-04-17T11:42:35.898Z"}
{"level":"info","message":"GET /api/protected","timestamp":"2024-04-17T11:42:35.901Z"}
{"level":"info","message":"POST /api/login","timestamp":"2024-04-17T11:43:24.526Z"}
{"level":"info","message":"GET /api/protected","timestamp":"2024-04-17T11:43:24.546Z"}
{"level":"info","message":"GET /api/protected","timestamp":"2024-04-17T11:43:24.554Z"}
{"level":"info","message":"GET /api/protected","timestamp":"2024-04-17T11:43:24.557Z"}
{"level":"info","message":"POST /api/login","timestamp":"2024-04-17T11:44:17.063Z"}
{"level":"info","message":"GET /api/protected","timestamp":"2024-04-17T11:44:17.082Z"}
{"level":"info","message":"GET /api/protected","timestamp":"2024-04-17T11:44:17.090Z"}
{"level":"info","message":"GET /api/protected","timestamp":"2024-04-17T11:44:17.093Z"}
{"level":"info","message":"POST /gamification/addPoints","timestamp":"2024-04-17T12:23:50.270Z"}
{"level":"info","message":"POST /gamification/removePoints","timestamp":"2024-04-17T12:23:50.277Z"}
{"level":"info","message":"POST /api/addPoints","timestamp":"2024-04-17T12:23:50.365Z"}
{"level":"info","message":"POST /api/subtractPoints","timestamp":"2024-04-17T12:23:50.370Z"}
{"level":"info","message":"GET /api/getPoints?username=testUser","timestamp":"2024-04-17T12:23:50.372Z"}
{"level":"info","message":"POST /api/addAchievement","timestamp":"2024-04-17T12:23:50.376Z"}
{"level":"info","message":"POST /api/removeAchievement","timestamp":"2024-04-17T12:23:50.378Z"}
{"level":"info","message":"POST /api/login","timestamp":"2024-04-17T12:23:50.474Z"}
{"level":"info","message":"GET /api/protected","timestamp":"2024-04-17T12:23:50.476Z"}
{"level":"info","message":"GET /api/protected","timestamp":"2024-04-17T12:23:50.480Z"}
{"level":"info","message":"GET /api/protected","timestamp":"2024-04-17T12:23:50.482Z"}
{"level":"info","message":"POST /gamification/addPoints","timestamp":"2024-04-17T12:26:13.624Z"}
{"level":"info","message":"POST /gamification/removePoints","timestamp":"2024-04-17T12:26:13.639Z"}
{"level":"info","message":"POST /api/addPoints","timestamp":"2024-04-17T12:26:13.742Z"}
{"level":"info","message":"POST /api/subtractPoints","timestamp":"2024-04-17T12:26:13.746Z"}
{"level":"info","message":"GET /api/getPoints?username=testUser","timestamp":"2024-04-17T12:26:13.750Z"}
{"level":"info","message":"POST /api/addAchievement","timestamp":"2024-04-17T12:26:13.753Z"}
{"level":"info","message":"POST /api/removeAchievement","timestamp":"2024-04-17T12:26:13.755Z"}
{"level":"info","message":"POST /api/login","timestamp":"2024-04-17T12:26:13.858Z"}
{"level":"info","message":"GET /api/protected","timestamp":"2024-04-17T12:26:13.860Z"}
{"level":"info","message":"GET /api/protected","timestamp":"2024-04-17T12:26:13.865Z"}
{"level":"info","message":"GET /api/protected","timestamp":"2024-04-17T12:26:13.866Z"}
{"level":"info","message":"POST /gamification/addPoints","timestamp":"2024-04-17T13:48:39.879Z"}
{"level":"info","message":"POST /gamification/removePoints","timestamp":"2024-04-17T13:48:39.892Z"}
{"level":"info","message":"POST /api/login","timestamp":"2024-04-17T13:48:39.997Z"}
{"level":"info","message":"GET /api/protected","timestamp":"2024-04-17T13:48:39.998Z"}
{"level":"info","message":"GET /api/protected","timestamp":"2024-04-17T13:48:40.002Z"}
{"level":"info","message":"GET /api/protected","timestamp":"2024-04-17T13:48:40.005Z"}
{"level":"info","message":"POST /api/addPoints","timestamp":"2024-04-17T13:48:40.092Z"}
{"level":"info","message":"POST /api/subtractPoints","timestamp":"2024-04-17T13:48:40.096Z"}
{"level":"info","message":"GET /api/getPoints?username=testUser","timestamp":"2024-04-17T13:48:40.098Z"}
{"level":"info","message":"POST /api/addAchievement","timestamp":"2024-04-17T13:48:40.101Z"}
{"level":"info","message":"POST /api/removeAchievement","timestamp":"2024-04-17T13:48:40.102Z"}
{"level":"info","message":"POST /gamification/addPoints","timestamp":"2024-04-18T07:34:00.016Z"}
{"level":"info","message":"POST /gamification/removePoints","timestamp":"2024-04-18T07:34:00.032Z"}
{"level":"info","message":"POST /api/login","timestamp":"2024-04-18T07:34:00.140Z"}
{"level":"info","message":"GET /api/protected","timestamp":"2024-04-18T07:34:00.142Z"}
{"level":"info","message":"GET /api/protected","timestamp":"2024-04-18T07:34:00.146Z"}
{"level":"info","message":"GET /api/protected","timestamp":"2024-04-18T07:34:00.148Z"}
{"level":"info","message":"POST /api/addPoints","timestamp":"2024-04-18T07:34:00.245Z"}
{"level":"info","message":"POST /api/subtractPoints","timestamp":"2024-04-18T07:34:00.249Z"}
{"level":"info","message":"GET /api/getPoints?username=testUser","timestamp":"2024-04-18T07:34:00.252Z"}
{"level":"info","message":"POST /api/addAchievement","timestamp":"2024-04-18T07:34:00.255Z"}
{"level":"info","message":"POST /api/removeAchievement","timestamp":"2024-04-18T07:34:00.257Z"}
{"level":"info","message":"POST /gamification/addPoints","timestamp":"2024-04-18T08:30:09.010Z"}
{"level":"info","message":"POST /gamification/removePoints","timestamp":"2024-04-18T08:30:09.141Z"}
{"level":"info","message":"POST /api/login","timestamp":"2024-04-18T08:30:09.142Z"}
{"level":"info","message":"POST /api/addPoints","timestamp":"2024-04-18T08:30:09.159Z"}
{"level":"info","message":"GET /api/protected","timestamp":"2024-04-18T08:30:09.284Z"}
{"level":"info","message":"GET /api/protected","timestamp":"2024-04-18T08:30:09.480Z"}
{"level":"info","message":"POST /api/subtractPoints","timestamp":"2024-04-18T08:30:09.499Z"}
{"level":"info","message":"GET /api/getPoints?username=testUser","timestamp":"2024-04-18T08:30:09.689Z"}
{"level":"info","message":"GET /api/protected","timestamp":"2024-04-18T08:30:09.689Z"}
{"level":"info","message":"POST /api/addAchievement","timestamp":"2024-04-18T08:30:09.727Z"}
{"level":"info","message":"POST /api/removeAchievement","timestamp":"2024-04-18T08:30:09.814Z"}
